<?xml version="1.0" encoding="UTF-8"?>
<!-- Generated by org.testng.reporters.JUnitXMLReporter -->
<testsuite ignored="0" hostname="DESKTOP-U8M9UI4" failures="0" tests="3" name="Default test" time="29.615" errors="0" timestamp="2023-08-03T17:25:50 GMT-06:00">
  <testcase classname="automationprojects.tests.SubmitOrderTest" name="SubmitOrder" time="4.324"/>
  <testcase classname="automationprojects.tests.SubmitOrderTest" name="SubmitOrder" time="4.55"/>
  <testcase classname="automationprojects.tests.SubmitOrderTest" name="OrderHistoryTest" time="1.18"/>
</testsuite> <!-- Default test -->
