<?xml version="1.0" encoding="UTF-8"?>
<!-- Generated by org.testng.reporters.JUnitXMLReporter -->
<testsuite ignored="0" hostname="DESKTOP-U8M9UI4" failures="0" tests="3" name="Submit Order Test" time="27.224" errors="0" timestamp="2023-08-03T22:05:06 GMT-06:00">
  <testcase classname="automationprojects.tests.SubmitOrderTest" name="SubmitOrder" time="4.059"/>
  <testcase classname="automationprojects.tests.SubmitOrderTest" name="SubmitOrder" time="4.027"/>
  <testcase classname="automationprojects.tests.SubmitOrderTest" name="OrderHistoryTest" time="1.042"/>
</testsuite> <!-- Submit Order Test -->
