<?xml version="1.0" encoding="UTF-8"?>
<!-- Generated by org.testng.reporters.JUnitXMLReporter -->
<testsuite ignored="0" hostname="DESKTOP-U8M9UI4" failures="0" tests="5" name="Test" time="59.588" errors="0" timestamp="2023-08-03T19:05:40 GMT-06:00">
  <testcase classname="automationprojects.tests.ErrorValidationsTest" name="LoginErrorValidation" time="1.221"/>
  <testcase classname="automationprojects.tests.ErrorValidationsTest" name="ProductErrorValidation" time="9.549"/>
  <testcase classname="automationprojects.tests.SubmitOrderTest" name="SubmitOrder" time="4.748"/>
  <testcase classname="automationprojects.tests.SubmitOrderTest" name="SubmitOrder" time="4.356"/>
  <testcase classname="automationprojects.tests.SubmitOrderTest" name="OrderHistoryTest" time="1.371"/>
</testsuite> <!-- Test -->
