<?xml version="1.0" encoding="UTF-8"?>
<!-- Generated by org.testng.reporters.JUnitXMLReporter -->
<testsuite ignored="1" hostname="DESKTOP-U8M9UI4" failures="0" tests="2" name="Submit Order Test" time="22.442" errors="0" timestamp="2023-08-04T08:53:59 GMT-06:00">
  <testcase classname="automationprojects.tests.SubmitOrderTest" name="SubmitOrder" time="4.331"/>
  <testcase classname="automationprojects.tests.SubmitOrderTest" name="SubmitOrder" time="4.347"/>
  <testcase classname="automationprojects.tests.SubmitOrderTest" name="OrderHistoryTest" time="0.0">
    <ignored/>
  </testcase> <!-- OrderHistoryTest -->
</testsuite> <!-- Submit Order Test -->
